[2021-05-16 14:56:33] local.ERROR: Undefined variable: token (View: /var/www/html/sample_app/resources/views/mail/password-reset.blade.php) {"view":{"view":"/var/www/html/sample_app/resources/views/mail/password-reset.blade.php","data":{"errors":"<pre class=sf-dump id=sf-dump-429652569 data-indent-pad=\"  \"><span class=sf-dump-note>Illuminate\\Support\\ViewErrorBag</span> {<a class=sf-dump-ref>#324</a><samp data-depth=1 class=sf-dump-expanded>
  #<span class=sf-dump-protected title=\"Protected property\">bags</span>: []
</samp>}
</pre><script>Sfdump(\"sf-dump-429652569\", {\"maxDepth\":3,\"maxStringLength\":160})</script>
","connection":"<pre class=sf-dump id=sf-dump-1967661915 data-indent-pad=\"  \"><span class=sf-dump-const>null</span>
</pre><script>Sfdump(\"sf-dump-1967661915\", {\"maxDepth\":3,\"maxStringLength\":160})</script>
","queue":"<pre class=sf-dump id=sf-dump-671663257 data-indent-pad=\"  \"><span class=sf-dump-const>null</span>
</pre><script>Sfdump(\"sf-dump-671663257\", {\"maxDepth\":3,\"maxStringLength\":160})</script>
","chainConnection":"<pre class=sf-dump id=sf-dump-1482142630 data-indent-pad=\"  \"><span class=sf-dump-const>null</span>
</pre><script>Sfdump(\"sf-dump-1482142630\", {\"maxDepth\":3,\"maxStringLength\":160})</script>
","chainQueue":"<pre class=sf-dump id=sf-dump-1430353275 data-indent-pad=\"  \"><span class=sf-dump-const>null</span>
</pre><script>Sfdump(\"sf-dump-1430353275\", {\"maxDepth\":3,\"maxStringLength\":160})</script>
","chainCatchCallbacks":"<pre class=sf-dump id=sf-dump-866877645 data-indent-pad=\"  \"><span class=sf-dump-const>null</span>
</pre><script>Sfdump(\"sf-dump-866877645\", {\"maxDepth\":3,\"maxStringLength\":160})</script>
","delay":"<pre class=sf-dump id=sf-dump-754040496 data-indent-pad=\"  \"><span class=sf-dump-const>null</span>
</pre><script>Sfdump(\"sf-dump-754040496\", {\"maxDepth\":3,\"maxStringLength\":160})</script>
","afterCommit":"<pre class=sf-dump id=sf-dump-1712715237 data-indent-pad=\"  \"><span class=sf-dump-const>null</span>
</pre><script>Sfdump(\"sf-dump-1712715237\", {\"maxDepth\":3,\"maxStringLength\":160})</script>
","middleware":"<pre class=sf-dump id=sf-dump-1816740216 data-indent-pad=\"  \">[]
</pre><script>Sfdump(\"sf-dump-1816740216\", {\"maxDepth\":3,\"maxStringLength\":160})</script>
","chained":"<pre class=sf-dump id=sf-dump-379417393 data-indent-pad=\"  \">[]
</pre><script>Sfdump(\"sf-dump-379417393\", {\"maxDepth\":3,\"maxStringLength\":160})</script>
","message":"<pre class=sf-dump id=sf-dump-2082682596 data-indent-pad=\"  \"><span class=sf-dump-note>Illuminate\\Mail\\Message</span> {<a class=sf-dump-ref>#1324</a><samp data-depth=1 class=sf-dump-expanded>
  #<span class=sf-dump-protected title=\"Protected property\">swift</span>: <span class=sf-dump-note>Swift_Message</span> {<a class=sf-dump-ref>#1322</a><samp data-depth=2 class=sf-dump-compact>
    -<span class=sf-dump-private title=\"Private property defined in class:&#10;`Swift_Message`\">headerSigners</span>: []
    -<span class=sf-dump-private title=\"Private property defined in class:&#10;`Swift_Message`\">bodySigners</span>: []
    -<span class=sf-dump-private title=\"Private property defined in class:&#10;`Swift_Message`\">savedMessage</span>: []
    #<span class=sf-dump-protected title=\"Protected property\">userFormat</span>: <span class=sf-dump-const>null</span>
    #<span class=sf-dump-protected title=\"Protected property\">userCharset</span>: \"<span class=sf-dump-str title=\"5 characters\">utf-8</span>\"
    #<span class=sf-dump-protected title=\"Protected property\">userDelSp</span>: <span class=sf-dump-const>null</span>
    -<span class=sf-dump-private title=\"Private property defined in class:&#10;`Swift_Mime_MimePart`\">nestingLevel</span>: <span class=sf-dump-num>4096</span>
    -<span class=sf-dump-private title=\"Private property defined in class:&#10;`Swift_Mime_SimpleMimeEntity`\">headers</span>: <span class=sf-dump-note>Swift_Mime_SimpleHeaderSet</span> {<a class=sf-dump-ref>#1320</a><samp data-depth=3 class=sf-dump-compact>
      -<span class=sf-dump-private title=\"Private property defined in class:&#10;`Swift_Mime_SimpleHeaderSet`\">factory</span>: <span class=sf-dump-note>Swift_Mime_SimpleHeaderFactory</span> {<a class=sf-dump-ref>#1319</a> &hellip;5}
      -<span class=sf-dump-private title=\"Private property defined in class:&#10;`Swift_Mime_SimpleHeaderSet`\">headers</span>: <span class=sf-dump-note>array:8</span> [ &hellip;8]
      -<span class=sf-dump-private title=\"Private property defined in class:&#10;`Swift_Mime_SimpleHeaderSet`\">order</span>: <span class=sf-dump-note>array:16</span> [ &hellip;16]
      -<span class=sf-dump-private title=\"Private property defined in class:&#10;`Swift_Mime_SimpleHeaderSet`\">required</span>: <span class=sf-dump-note>array:3</span> [ &hellip;3]
      -<span class=sf-dump-private title=\"Private property defined in class:&#10;`Swift_Mime_SimpleHeaderSet`\">charset</span>: \"<span class=sf-dump-str title=\"5 characters\">utf-8</span>\"
    </samp>}
    -<span class=sf-dump-private title=\"Private property defined in class:&#10;`Swift_Mime_SimpleMimeEntity`\">body</span>: <span class=sf-dump-const>null</span>
    -<span class=sf-dump-private title=\"Private property defined in class:&#10;`Swift_Mime_SimpleMimeEntity`\">encoder</span>: <span class=sf-dump-note>Swift_Mime_ContentEncoder_QpContentEncoderProxy</span> {<a class=sf-dump-ref>#1310</a><samp data-depth=3 class=sf-dump-compact>
      -<span class=sf-dump-private title=\"Private property defined in class:&#10;`Swift_Mime_ContentEncoder_QpContentEncoderProxy`\">safeEncoder</span>: <span class=sf-dump-note>Swift_Mime_ContentEncoder_QpContentEncoder</span> {<a class=sf-dump-ref>#1309</a> &hellip;4}
      -<span class=sf-dump-private title=\"Private property defined in class:&#10;`Swift_Mime_ContentEncoder_QpContentEncoderProxy`\">nativeEncoder</span>: <span class=sf-dump-note>Swift_Mime_ContentEncoder_NativeQpContentEncoder</span> {<a class=sf-dump-ref>#1306</a> &hellip;1}
      -<span class=sf-dump-private title=\"Private property defined in class:&#10;`Swift_Mime_ContentEncoder_QpContentEncoderProxy`\">charset</span>: \"<span class=sf-dump-str title=\"5 characters\">utf-8</span>\"
    </samp>}
    -<span class=sf-dump-private title=\"Private property defined in class:&#10;`Swift_Mime_SimpleMimeEntity`\">idGenerator</span>: <span class=sf-dump-note>Swift_Mime_IdGenerator</span> {<a class=sf-dump-ref>#1303</a><samp data-depth=3 class=sf-dump-compact>
      -<span class=sf-dump-private title=\"Private property defined in class:&#10;`Swift_Mime_IdGenerator`\">idRight</span>: \"<span class=sf-dump-str title=\"13 characters\">192.168.33.10</span>\"
    </samp>}
    -<span class=sf-dump-private title=\"Private property defined in class:&#10;`Swift_Mime_SimpleMimeEntity`\">boundary</span>: <span class=sf-dump-const>null</span>
    -<span class=sf-dump-private title=\"Private property defined in class:&#10;`Swift_Mime_SimpleMimeEntity`\">compositeRanges</span>: <span class=sf-dump-note>array:3</span> [<samp data-depth=3 class=sf-dump-compact>
      \"<span class=sf-dump-key>multipart/mixed</span>\" => <span class=sf-dump-note>array:2</span> [ &hellip;2]
      \"<span class=sf-dump-key>multipart/alternative</span>\" => <span class=sf-dump-note>array:2</span> [ &hellip;2]
      \"<span class=sf-dump-key>multipart/related</span>\" => <span class=sf-dump-note>array:2</span> [ &hellip;2]
    </samp>]
    -<span class=sf-dump-private title=\"Private property defined in class:&#10;`Swift_Mime_SimpleMimeEntity`\">compoundLevelFilters</span>: <span class=sf-dump-note>array:1</span> [<samp data-depth=3 class=sf-dump-compact>
      <span class=sf-dump-key>69632</span> => <span class=sf-dump-note>array:1</span> [ &hellip;1]
    </samp>]
    -<span class=sf-dump-private title=\"Private property defined in class:&#10;`Swift_Mime_SimpleMimeEntity`\">cache</span>: <span class=sf-dump-note>Swift_KeyCache_DiskKeyCache</span> {<a class=sf-dump-ref>#1305</a><samp data-depth=3 class=sf-dump-compact>
      -<span class=sf-dump-private title=\"Private property defined in class:&#10;`Swift_KeyCache_DiskKeyCache`\">stream</span>: <span class=sf-dump-note>Swift_KeyCache_SimpleKeyCacheInputStream</span> {<a class=sf-dump-ref>#1304</a> &hellip;4}
      -<span class=sf-dump-private title=\"Private property defined in class:&#10;`Swift_KeyCache_DiskKeyCache`\">path</span>: \"<span class=sf-dump-str title=\"4 characters\">/tmp</span>\"
      -<span class=sf-dump-private title=\"Private property defined in class:&#10;`Swift_KeyCache_DiskKeyCache`\">keys</span>: []
    </samp>}
    -<span class=sf-dump-private title=\"Private property defined in class:&#10;`Swift_Mime_SimpleMimeEntity`\">immediateChildren</span>: []
    -<span class=sf-dump-private title=\"Private property defined in class:&#10;`Swift_Mime_SimpleMimeEntity`\">children</span>: []
    -<span class=sf-dump-private title=\"Private property defined in class:&#10;`Swift_Mime_SimpleMimeEntity`\">maxLineLength</span>: <span class=sf-dump-num>78</span>
    -<span class=sf-dump-private title=\"Private property defined in class:&#10;`Swift_Mime_SimpleMimeEntity`\">alternativePartOrder</span>: <span class=sf-dump-note>array:3</span> [<samp data-depth=3 class=sf-dump-compact>
      \"<span class=sf-dump-key>text/plain</span>\" => <span class=sf-dump-num>1</span>
      \"<span class=sf-dump-key>text/html</span>\" => <span class=sf-dump-num>2</span>
      \"<span class=sf-dump-key>multipart/related</span>\" => <span class=sf-dump-num>3</span>
    </samp>]
    -<span class=sf-dump-private title=\"Private property defined in class:&#10;`Swift_Mime_SimpleMimeEntity`\">id</span>: \"<span class=sf-dump-str title=\"46 characters\">86a672a4e0c0e431bc838421da6bf7bb@192.168.33.10</span>\"
    -<span class=sf-dump-private title=\"Private property defined in class:&#10;`Swift_Mime_SimpleMimeEntity`\">cacheKey</span>: \"<span class=sf-dump-str title=\"32 characters\">aea9c8ef0e59ae333746b09929a790e6</span>\"
    #<span class=sf-dump-protected title=\"Protected property\">userContentType</span>: \"<span class=sf-dump-str title=\"10 characters\">text/plain</span>\"
    -<span class=sf-dump-private title=\"Private property defined in class:&#10;`Swift_Mime_SimpleMimeEntity`\">nestingLevel</span>: <span class=sf-dump-num>4096</span>
  </samp>}
  #<span class=sf-dump-protected title=\"Protected property\">embeddedFiles</span>: []
</samp>}
</pre><script>Sfdump(\"sf-dump-2082682596\", {\"maxDepth\":3,\"maxStringLength\":160})</script>
"}},"exception":"[object] (Facade\\Ignition\\Exceptions\\ViewException(code: 0): Undefined variable: token (View: /var/www/html/sample_app/resources/views/mail/password-reset.blade.php) at /var/www/html/sample_app/resources/views/mail/password-reset.blade.php:1)
[stacktrace]
#0 /var/www/html/sample_app/resources/views/mail/password-reset.blade.php(1): Illuminate\\Foundation\\Bootstrap\\HandleExceptions->handleError()
#1 /var/www/html/sample_app/vendor/laravel/framework/src/Illuminate/Filesystem/Filesystem.php(107): require('/var/www/html/s...')
#2 /var/www/html/sample_app/vendor/laravel/framework/src/Illuminate/Filesystem/Filesystem.php(108): Illuminate\\Filesystem\\Filesystem::Illuminate\\Filesystem\\{closure}()
#3 /var/www/html/sample_app/vendor/laravel/framework/src/Illuminate/View/Engines/PhpEngine.php(58): Illuminate\\Filesystem\\Filesystem->getRequire()
#4 /var/www/html/sample_app/vendor/laravel/framework/src/Illuminate/View/Engines/CompilerEngine.php(61): Illuminate\\View\\Engines\\PhpEngine->evaluatePath()
#5 /var/www/html/sample_app/vendor/facade/ignition/src/Views/Engines/CompilerEngine.php(37): Illuminate\\View\\Engines\\CompilerEngine->get()
#6 /var/www/html/sample_app/vendor/laravel/framework/src/Illuminate/View/View.php(139): Facade\\Ignition\\Views\\Engines\\CompilerEngine->get()
#7 /var/www/html/sample_app/vendor/laravel/framework/src/Illuminate/View/View.php(122): Illuminate\\View\\View->getContents()
#8 /var/www/html/sample_app/vendor/laravel/framework/src/Illuminate/View/View.php(91): Illuminate\\View\\View->renderContents()
#9 /var/www/html/sample_app/vendor/laravel/framework/src/Illuminate/Mail/Mailer.php(382): Illuminate\\View\\View->render()
#10 /var/www/html/sample_app/vendor/laravel/framework/src/Illuminate/Mail/Mailer.php(355): Illuminate\\Mail\\Mailer->renderView()
#11 /var/www/html/sample_app/vendor/laravel/framework/src/Illuminate/Mail/Mailer.php(273): Illuminate\\Mail\\Mailer->addContent()
#12 /var/www/html/sample_app/vendor/laravel/framework/src/Illuminate/Mail/Mailable.php(186): Illuminate\\Mail\\Mailer->send()
#13 /var/www/html/sample_app/vendor/laravel/framework/src/Illuminate/Support/Traits/Localizable.php(19): Illuminate\\Mail\\Mailable->Illuminate\\Mail\\{closure}()
#14 /var/www/html/sample_app/vendor/laravel/framework/src/Illuminate/Mail/Mailable.php(187): Illuminate\\Mail\\Mailable->withLocale()
#15 /var/www/html/sample_app/vendor/laravel/framework/src/Illuminate/Mail/Mailer.php(304): Illuminate\\Mail\\Mailable->send()
#16 /var/www/html/sample_app/vendor/laravel/framework/src/Illuminate/Mail/Mailer.php(258): Illuminate\\Mail\\Mailer->sendMailable()
#17 /var/www/html/sample_app/vendor/laravel/framework/src/Illuminate/Mail/PendingMail.php(121): Illuminate\\Mail\\Mailer->send()
#18 /var/www/html/sample_app/app/Models/User.php(54): Illuminate\\Mail\\PendingMail->send()
#19 /var/www/html/sample_app/vendor/laravel/framework/src/Illuminate/Auth/Passwords/PasswordBroker.php(71): App\\Models\\User->sendPasswordResetNotification()
#20 /var/www/html/sample_app/vendor/laravel/ui/auth-backend/SendsPasswordResetEmails.php(36): Illuminate\\Auth\\Passwords\\PasswordBroker->sendResetLink()
#21 /var/www/html/sample_app/vendor/laravel/framework/src/Illuminate/Routing/Controller.php(54): App\\Http\\Controllers\\Auth\\ForgotPasswordController->sendResetLinkEmail()
#22 /var/www/html/sample_app/vendor/laravel/framework/src/Illuminate/Routing/ControllerDispatcher.php(45): Illuminate\\Routing\\Controller->callAction()
#23 /var/www/html/sample_app/vendor/laravel/framework/src/Illuminate/Routing/Route.php(254): Illuminate\\Routing\\ControllerDispatcher->dispatch()
#24 /var/www/html/sample_app/vendor/laravel/framework/src/Illuminate/Routing/Route.php(197): Illuminate\\Routing\\Route->runController()
#25 /var/www/html/sample_app/vendor/laravel/framework/src/Illuminate/Routing/Router.php(695): Illuminate\\Routing\\Route->run()
#26 /var/www/html/sample_app/vendor/laravel/framework/src/Illuminate/Pipeline/Pipeline.php(128): Illuminate\\Routing\\Router->Illuminate\\Routing\\{closure}()
#27 /var/www/html/sample_app/vendor/laravel/framework/src/Illuminate/Routing/Middleware/SubstituteBindings.php(50): Illuminate\\Pipeline\\Pipeline->Illuminate\\Pipeline\\{closure}()
#28 /var/www/html/sample_app/vendor/laravel/framework/src/Illuminate/Pipeline/Pipeline.php(167): Illuminate\\Routing\\Middleware\\SubstituteBindings->handle()
#29 /var/www/html/sample_app/vendor/laravel/framework/src/Illuminate/Foundation/Http/Middleware/VerifyCsrfToken.php(78): Illuminate\\Pipeline\\Pipeline->Illuminate\\Pipeline\\{closure}()
#30 /var/www/html/sample_app/vendor/laravel/framework/src/Illuminate/Pipeline/Pipeline.php(167): Illuminate\\Foundation\\Http\\Middleware\\VerifyCsrfToken->handle()
#31 /var/www/html/sample_app/vendor/laravel/framework/src/Illuminate/View/Middleware/ShareErrorsFromSession.php(49): Illuminate\\Pipeline\\Pipeline->Illuminate\\Pipeline\\{closure}()
#32 /var/www/html/sample_app/vendor/laravel/framework/src/Illuminate/Pipeline/Pipeline.php(167): Illuminate\\View\\Middleware\\ShareErrorsFromSession->handle()
#33 /var/www/html/sample_app/vendor/laravel/framework/src/Illuminate/Session/Middleware/StartSession.php(121): Illuminate\\Pipeline\\Pipeline->Illuminate\\Pipeline\\{closure}()
#34 /var/www/html/sample_app/vendor/laravel/framework/src/Illuminate/Session/Middleware/StartSession.php(64): Illuminate\\Session\\Middleware\\StartSession->handleStatefulRequest()
#35 /var/www/html/sample_app/vendor/laravel/framework/src/Illuminate/Pipeline/Pipeline.php(167): Illuminate\\Session\\Middleware\\StartSession->handle()
#36 /var/www/html/sample_app/vendor/laravel/framework/src/Illuminate/Cookie/Middleware/AddQueuedCookiesToResponse.php(37): Illuminate\\Pipeline\\Pipeline->Illuminate\\Pipeline\\{closure}()
#37 /var/www/html/sample_app/vendor/laravel/framework/src/Illuminate/Pipeline/Pipeline.php(167): Illuminate\\Cookie\\Middleware\\AddQueuedCookiesToResponse->handle()
#38 /var/www/html/sample_app/vendor/laravel/framework/src/Illuminate/Cookie/Middleware/EncryptCookies.php(67): Illuminate\\Pipeline\\Pipeline->Illuminate\\Pipeline\\{closure}()
#39 /var/www/html/sample_app/vendor/laravel/framework/src/Illuminate/Pipeline/Pipeline.php(167): Illuminate\\Cookie\\Middleware\\EncryptCookies->handle()
#40 /var/www/html/sample_app/vendor/laravel/framework/src/Illuminate/Pipeline/Pipeline.php(103): Illuminate\\Pipeline\\Pipeline->Illuminate\\Pipeline\\{closure}()
#41 /var/www/html/sample_app/vendor/laravel/framework/src/Illuminate/Routing/Router.php(697): Illuminate\\Pipeline\\Pipeline->then()
#42 /var/www/html/sample_app/vendor/laravel/framework/src/Illuminate/Routing/Router.php(672): Illuminate\\Routing\\Router->runRouteWithinStack()
#43 /var/www/html/sample_app/vendor/laravel/framework/src/Illuminate/Routing/Router.php(636): Illuminate\\Routing\\Router->runRoute()
#44 /var/www/html/sample_app/vendor/laravel/framework/src/Illuminate/Routing/Router.php(625): Illuminate\\Routing\\Router->dispatchToRoute()
#45 /var/www/html/sample_app/vendor/laravel/framework/src/Illuminate/Foundation/Http/Kernel.php(166): Illuminate\\Routing\\Router->dispatch()
#46 /var/www/html/sample_app/vendor/laravel/framework/src/Illuminate/Pipeline/Pipeline.php(128): Illuminate\\Foundation\\Http\\Kernel->Illuminate\\Foundation\\Http\\{closure}()
#47 /var/www/html/sample_app/vendor/laravel/framework/src/Illuminate/Foundation/Http/Middleware/TransformsRequest.php(21): Illuminate\\Pipeline\\Pipeline->Illuminate\\Pipeline\\{closure}()
#48 /var/www/html/sample_app/vendor/laravel/framework/src/Illuminate/Foundation/Http/Middleware/ConvertEmptyStringsToNull.php(31): Illuminate\\Foundation\\Http\\Middleware\\TransformsRequest->handle()
#49 /var/www/html/sample_app/vendor/laravel/framework/src/Illuminate/Pipeline/Pipeline.php(167): Illuminate\\Foundation\\Http\\Middleware\\ConvertEmptyStringsToNull->handle()
#50 /var/www/html/sample_app/vendor/laravel/framework/src/Illuminate/Foundation/Http/Middleware/TransformsRequest.php(21): Illuminate\\Pipeline\\Pipeline->Illuminate\\Pipeline\\{closure}()
#51 /var/www/html/sample_app/vendor/laravel/framework/src/Illuminate/Foundation/Http/Middleware/TrimStrings.php(40): Illuminate\\Foundation\\Http\\Middleware\\TransformsRequest->handle()
#52 /var/www/html/sample_app/vendor/laravel/framework/src/Illuminate/Pipeline/Pipeline.php(167): Illuminate\\Foundation\\Http\\Middleware\\TrimStrings->handle()
#53 /var/www/html/sample_app/vendor/laravel/framework/src/Illuminate/Foundation/Http/Middleware/ValidatePostSize.php(27): Illuminate\\Pipeline\\Pipeline->Illuminate\\Pipeline\\{closure}()
#54 /var/www/html/sample_app/vendor/laravel/framework/src/Illuminate/Pipeline/Pipeline.php(167): Illuminate\\Foundation\\Http\\Middleware\\ValidatePostSize->handle()
#55 /var/www/html/sample_app/vendor/laravel/framework/src/Illuminate/Foundation/Http/Middleware/PreventRequestsDuringMaintenance.php(86): Illuminate\\Pipeline\\Pipeline->Illuminate\\Pipeline\\{closure}()
#56 /var/www/html/sample_app/vendor/laravel/framework/src/Illuminate/Pipeline/Pipeline.php(167): Illuminate\\Foundation\\Http\\Middleware\\PreventRequestsDuringMaintenance->handle()
#57 /var/www/html/sample_app/vendor/fruitcake/laravel-cors/src/HandleCors.php(38): Illuminate\\Pipeline\\Pipeline->Illuminate\\Pipeline\\{closure}()
#58 /var/www/html/sample_app/vendor/laravel/framework/src/Illuminate/Pipeline/Pipeline.php(167): Fruitcake\\Cors\\HandleCors->handle()
#59 /var/www/html/sample_app/vendor/fideloper/proxy/src/TrustProxies.php(57): Illuminate\\Pipeline\\Pipeline->Illuminate\\Pipeline\\{closure}()
#60 /var/www/html/sample_app/vendor/laravel/framework/src/Illuminate/Pipeline/Pipeline.php(167): Fideloper\\Proxy\\TrustProxies->handle()
#61 /var/www/html/sample_app/vendor/laravel/framework/src/Illuminate/Pipeline/Pipeline.php(103): Illuminate\\Pipeline\\Pipeline->Illuminate\\Pipeline\\{closure}()
#62 /var/www/html/sample_app/vendor/laravel/framework/src/Illuminate/Foundation/Http/Kernel.php(141): Illuminate\\Pipeline\\Pipeline->then()
#63 /var/www/html/sample_app/vendor/laravel/framework/src/Illuminate/Foundation/Http/Kernel.php(110): Illuminate\\Foundation\\Http\\Kernel->sendRequestThroughRouter()
#64 /var/www/html/sample_app/public/index.php(52): Illuminate\\Foundation\\Http\\Kernel->handle()
#65 {main}

[previous exception] [object] (ErrorException(code: 0): Undefined variable: token at /var/www/html/sample_app/storage/framework/views/4e165d7d4096dcd09b4afc943e44b1eac908b235.php:1)
[stacktrace]
#0 /var/www/html/sample_app/storage/framework/views/4e165d7d4096dcd09b4afc943e44b1eac908b235.php(1): Illuminate\\Foundation\\Bootstrap\\HandleExceptions->handleError()
#1 /var/www/html/sample_app/vendor/laravel/framework/src/Illuminate/Filesystem/Filesystem.php(107): require('/var/www/html/s...')
#2 /var/www/html/sample_app/vendor/laravel/framework/src/Illuminate/Filesystem/Filesystem.php(108): Illuminate\\Filesystem\\Filesystem::Illuminate\\Filesystem\\{closure}()
#3 /var/www/html/sample_app/vendor/laravel/framework/src/Illuminate/View/Engines/PhpEngine.php(58): Illuminate\\Filesystem\\Filesystem->getRequire()
#4 /var/www/html/sample_app/vendor/laravel/framework/src/Illuminate/View/Engines/CompilerEngine.php(61): Illuminate\\View\\Engines\\PhpEngine->evaluatePath()
#5 /var/www/html/sample_app/vendor/facade/ignition/src/Views/Engines/CompilerEngine.php(37): Illuminate\\View\\Engines\\CompilerEngine->get()
#6 /var/www/html/sample_app/vendor/laravel/framework/src/Illuminate/View/View.php(139): Facade\\Ignition\\Views\\Engines\\CompilerEngine->get()
#7 /var/www/html/sample_app/vendor/laravel/framework/src/Illuminate/View/View.php(122): Illuminate\\View\\View->getContents()
#8 /var/www/html/sample_app/vendor/laravel/framework/src/Illuminate/View/View.php(91): Illuminate\\View\\View->renderContents()
#9 /var/www/html/sample_app/vendor/laravel/framework/src/Illuminate/Mail/Mailer.php(382): Illuminate\\View\\View->render()
#10 /var/www/html/sample_app/vendor/laravel/framework/src/Illuminate/Mail/Mailer.php(355): Illuminate\\Mail\\Mailer->renderView()
#11 /var/www/html/sample_app/vendor/laravel/framework/src/Illuminate/Mail/Mailer.php(273): Illuminate\\Mail\\Mailer->addContent()
#12 /var/www/html/sample_app/vendor/laravel/framework/src/Illuminate/Mail/Mailable.php(186): Illuminate\\Mail\\Mailer->send()
#13 /var/www/html/sample_app/vendor/laravel/framework/src/Illuminate/Support/Traits/Localizable.php(19): Illuminate\\Mail\\Mailable->Illuminate\\Mail\\{closure}()
#14 /var/www/html/sample_app/vendor/laravel/framework/src/Illuminate/Mail/Mailable.php(187): Illuminate\\Mail\\Mailable->withLocale()
#15 /var/www/html/sample_app/vendor/laravel/framework/src/Illuminate/Mail/Mailer.php(304): Illuminate\\Mail\\Mailable->send()
#16 /var/www/html/sample_app/vendor/laravel/framework/src/Illuminate/Mail/Mailer.php(258): Illuminate\\Mail\\Mailer->sendMailable()
#17 /var/www/html/sample_app/vendor/laravel/framework/src/Illuminate/Mail/PendingMail.php(121): Illuminate\\Mail\\Mailer->send()
#18 /var/www/html/sample_app/app/Models/User.php(54): Illuminate\\Mail\\PendingMail->send()
#19 /var/www/html/sample_app/vendor/laravel/framework/src/Illuminate/Auth/Passwords/PasswordBroker.php(71): App\\Models\\User->sendPasswordResetNotification()
#20 /var/www/html/sample_app/vendor/laravel/ui/auth-backend/SendsPasswordResetEmails.php(36): Illuminate\\Auth\\Passwords\\PasswordBroker->sendResetLink()
#21 /var/www/html/sample_app/vendor/laravel/framework/src/Illuminate/Routing/Controller.php(54): App\\Http\\Controllers\\Auth\\ForgotPasswordController->sendResetLinkEmail()
#22 /var/www/html/sample_app/vendor/laravel/framework/src/Illuminate/Routing/ControllerDispatcher.php(45): Illuminate\\Routing\\Controller->callAction()
#23 /var/www/html/sample_app/vendor/laravel/framework/src/Illuminate/Routing/Route.php(254): Illuminate\\Routing\\ControllerDispatcher->dispatch()
#24 /var/www/html/sample_app/vendor/laravel/framework/src/Illuminate/Routing/Route.php(197): Illuminate\\Routing\\Route->runController()
#25 /var/www/html/sample_app/vendor/laravel/framework/src/Illuminate/Routing/Router.php(695): Illuminate\\Routing\\Route->run()
#26 /var/www/html/sample_app/vendor/laravel/framework/src/Illuminate/Pipeline/Pipeline.php(128): Illuminate\\Routing\\Router->Illuminate\\Routing\\{closure}()
#27 /var/www/html/sample_app/vendor/laravel/framework/src/Illuminate/Routing/Middleware/SubstituteBindings.php(50): Illuminate\\Pipeline\\Pipeline->Illuminate\\Pipeline\\{closure}()
#28 /var/www/html/sample_app/vendor/laravel/framework/src/Illuminate/Pipeline/Pipeline.php(167): Illuminate\\Routing\\Middleware\\SubstituteBindings->handle()
#29 /var/www/html/sample_app/vendor/laravel/framework/src/Illuminate/Foundation/Http/Middleware/VerifyCsrfToken.php(78): Illuminate\\Pipeline\\Pipeline->Illuminate\\Pipeline\\{closure}()
#30 /var/www/html/sample_app/vendor/laravel/framework/src/Illuminate/Pipeline/Pipeline.php(167): Illuminate\\Foundation\\Http\\Middleware\\VerifyCsrfToken->handle()
#31 /var/www/html/sample_app/vendor/laravel/framework/src/Illuminate/View/Middleware/ShareErrorsFromSession.php(49): Illuminate\\Pipeline\\Pipeline->Illuminate\\Pipeline\\{closure}()
#32 /var/www/html/sample_app/vendor/laravel/framework/src/Illuminate/Pipeline/Pipeline.php(167): Illuminate\\View\\Middleware\\ShareErrorsFromSession->handle()
#33 /var/www/html/sample_app/vendor/laravel/framework/src/Illuminate/Session/Middleware/StartSession.php(121): Illuminate\\Pipeline\\Pipeline->Illuminate\\Pipeline\\{closure}()
#34 /var/www/html/sample_app/vendor/laravel/framework/src/Illuminate/Session/Middleware/StartSession.php(64): Illuminate\\Session\\Middleware\\StartSession->handleStatefulRequest()
#35 /var/www/html/sample_app/vendor/laravel/framework/src/Illuminate/Pipeline/Pipeline.php(167): Illuminate\\Session\\Middleware\\StartSession->handle()
#36 /var/www/html/sample_app/vendor/laravel/framework/src/Illuminate/Cookie/Middleware/AddQueuedCookiesToResponse.php(37): Illuminate\\Pipeline\\Pipeline->Illuminate\\Pipeline\\{closure}()
#37 /var/www/html/sample_app/vendor/laravel/framework/src/Illuminate/Pipeline/Pipeline.php(167): Illuminate\\Cookie\\Middleware\\AddQueuedCookiesToResponse->handle()
#38 /var/www/html/sample_app/vendor/laravel/framework/src/Illuminate/Cookie/Middleware/EncryptCookies.php(67): Illuminate\\Pipeline\\Pipeline->Illuminate\\Pipeline\\{closure}()
#39 /var/www/html/sample_app/vendor/laravel/framework/src/Illuminate/Pipeline/Pipeline.php(167): Illuminate\\Cookie\\Middleware\\EncryptCookies->handle()
#40 /var/www/html/sample_app/vendor/laravel/framework/src/Illuminate/Pipeline/Pipeline.php(103): Illuminate\\Pipeline\\Pipeline->Illuminate\\Pipeline\\{closure}()
#41 /var/www/html/sample_app/vendor/laravel/framework/src/Illuminate/Routing/Router.php(697): Illuminate\\Pipeline\\Pipeline->then()
#42 /var/www/html/sample_app/vendor/laravel/framework/src/Illuminate/Routing/Router.php(672): Illuminate\\Routing\\Router->runRouteWithinStack()
#43 /var/www/html/sample_app/vendor/laravel/framework/src/Illuminate/Routing/Router.php(636): Illuminate\\Routing\\Router->runRoute()
#44 /var/www/html/sample_app/vendor/laravel/framework/src/Illuminate/Routing/Router.php(625): Illuminate\\Routing\\Router->dispatchToRoute()
#45 /var/www/html/sample_app/vendor/laravel/framework/src/Illuminate/Foundation/Http/Kernel.php(166): Illuminate\\Routing\\Router->dispatch()
#46 /var/www/html/sample_app/vendor/laravel/framework/src/Illuminate/Pipeline/Pipeline.php(128): Illuminate\\Foundation\\Http\\Kernel->Illuminate\\Foundation\\Http\\{closure}()
#47 /var/www/html/sample_app/vendor/laravel/framework/src/Illuminate/Foundation/Http/Middleware/TransformsRequest.php(21): Illuminate\\Pipeline\\Pipeline->Illuminate\\Pipeline\\{closure}()
#48 /var/www/html/sample_app/vendor/laravel/framework/src/Illuminate/Foundation/Http/Middleware/ConvertEmptyStringsToNull.php(31): Illuminate\\Foundation\\Http\\Middleware\\TransformsRequest->handle()
#49 /var/www/html/sample_app/vendor/laravel/framework/src/Illuminate/Pipeline/Pipeline.php(167): Illuminate\\Foundation\\Http\\Middleware\\ConvertEmptyStringsToNull->handle()
#50 /var/www/html/sample_app/vendor/laravel/framework/src/Illuminate/Foundation/Http/Middleware/TransformsRequest.php(21): Illuminate\\Pipeline\\Pipeline->Illuminate\\Pipeline\\{closure}()
#51 /var/www/html/sample_app/vendor/laravel/framework/src/Illuminate/Foundation/Http/Middleware/TrimStrings.php(40): Illuminate\\Foundation\\Http\\Middleware\\TransformsRequest->handle()
#52 /var/www/html/sample_app/vendor/laravel/framework/src/Illuminate/Pipeline/Pipeline.php(167): Illuminate\\Foundation\\Http\\Middleware\\TrimStrings->handle()
#53 /var/www/html/sample_app/vendor/laravel/framework/src/Illuminate/Foundation/Http/Middleware/ValidatePostSize.php(27): Illuminate\\Pipeline\\Pipeline->Illuminate\\Pipeline\\{closure}()
#54 /var/www/html/sample_app/vendor/laravel/framework/src/Illuminate/Pipeline/Pipeline.php(167): Illuminate\\Foundation\\Http\\Middleware\\ValidatePostSize->handle()
#55 /var/www/html/sample_app/vendor/laravel/framework/src/Illuminate/Foundation/Http/Middleware/PreventRequestsDuringMaintenance.php(86): Illuminate\\Pipeline\\Pipeline->Illuminate\\Pipeline\\{closure}()
#56 /var/www/html/sample_app/vendor/laravel/framework/src/Illuminate/Pipeline/Pipeline.php(167): Illuminate\\Foundation\\Http\\Middleware\\PreventRequestsDuringMaintenance->handle()
#57 /var/www/html/sample_app/vendor/fruitcake/laravel-cors/src/HandleCors.php(38): Illuminate\\Pipeline\\Pipeline->Illuminate\\Pipeline\\{closure}()
#58 /var/www/html/sample_app/vendor/laravel/framework/src/Illuminate/Pipeline/Pipeline.php(167): Fruitcake\\Cors\\HandleCors->handle()
#59 /var/www/html/sample_app/vendor/fideloper/proxy/src/TrustProxies.php(57): Illuminate\\Pipeline\\Pipeline->Illuminate\\Pipeline\\{closure}()
#60 /var/www/html/sample_app/vendor/laravel/framework/src/Illuminate/Pipeline/Pipeline.php(167): Fideloper\\Proxy\\TrustProxies->handle()
#61 /var/www/html/sample_app/vendor/laravel/framework/src/Illuminate/Pipeline/Pipeline.php(103): Illuminate\\Pipeline\\Pipeline->Illuminate\\Pipeline\\{closure}()
#62 /var/www/html/sample_app/vendor/laravel/framework/src/Illuminate/Foundation/Http/Kernel.php(141): Illuminate\\Pipeline\\Pipeline->then()
#63 /var/www/html/sample_app/vendor/laravel/framework/src/Illuminate/Foundation/Http/Kernel.php(110): Illuminate\\Foundation\\Http\\Kernel->sendRequestThroughRouter()
#64 /var/www/html/sample_app/public/index.php(52): Illuminate\\Foundation\\Http\\Kernel->handle()
#65 {main}
"} 
